<?xml version="1.0" encoding="UTF-8"?>
<testng-results ignored="0" total="1" passed="1" failed="0" skipped="0">
  <reporter-output>
  </reporter-output>
  <suite started-at="2024-11-13T08:42:42 IST" name="Default suite" finished-at="2024-11-13T08:42:49 IST" duration-ms="6609">
    <groups>
    </groups>
    <test started-at="2024-11-13T08:42:42 IST" name="Default test" finished-at="2024-11-13T08:42:49 IST" duration-ms="6609">
      <class name="testcases.LoginTest">
        <test-method is-config="true" signature="setupBrowser()[pri:0, instance:testcases.LoginTest@17fc391b]" started-at="2024-11-13T08:42:42 IST" name="setupBrowser" finished-at="2024-11-13T08:42:45 IST" duration-ms="3504" status="PASS">
          <reporter-output>
          </reporter-output>
        </test-method> <!-- setupBrowser -->
        <test-method signature="validLoginTest()[pri:0, instance:testcases.LoginTest@17fc391b]" started-at="2024-11-13T08:42:45 IST" name="validLoginTest" description="This test will verify valid login scenario" finished-at="2024-11-13T08:42:48 IST" duration-ms="2606" status="PASS">
          <reporter-output>
          </reporter-output>
        </test-method> <!-- validLoginTest -->
        <test-method is-config="true" signature="tearDown()[pri:0, instance:testcases.LoginTest@17fc391b]" started-at="2024-11-13T08:42:48 IST" name="tearDown" finished-at="2024-11-13T08:42:49 IST" duration-ms="481" status="PASS">
          <reporter-output>
          </reporter-output>
        </test-method> <!-- tearDown -->
      </class> <!-- testcases.LoginTest -->
    </test> <!-- Default test -->
  </suite> <!-- Default suite -->
</testng-results>
